CRITICAL - 2023-12-07 00:08:34 --> Undefined array key "selectTema"
in APPPATH\Controllers\Home.php on line 25.
 1 APPPATH\Controllers\Home.php(25): CodeIgniter\Debug\Exceptions->errorHandler(2, 'Undefined array key "selectTema"', 'C:\\xampp\\htdocs\\app_2\\app\\Controllers\\Home.php', 25)
 2 SYSTEMPATH\CodeIgniter.php(942): App\Controllers\Home->Listarlibros()
 3 SYSTEMPATH\CodeIgniter.php(502): CodeIgniter\CodeIgniter->runController(Object(App\Controllers\Home))
 4 SYSTEMPATH\CodeIgniter.php(361): CodeIgniter\CodeIgniter->handleRequest(null, Object(Config\Cache), false)
 5 FCPATH\index.php(79): CodeIgniter\CodeIgniter->run()
CRITICAL - 2023-12-07 00:08:49 --> Undefined array key "selectTema"
in APPPATH\Controllers\Home.php on line 25.
 1 APPPATH\Controllers\Home.php(25): CodeIgniter\Debug\Exceptions->errorHandler(2, 'Undefined array key "selectTema"', 'C:\\xampp\\htdocs\\app_2\\app\\Controllers\\Home.php', 25)
 2 SYSTEMPATH\CodeIgniter.php(942): App\Controllers\Home->Listarlibros()
 3 SYSTEMPATH\CodeIgniter.php(502): CodeIgniter\CodeIgniter->runController(Object(App\Controllers\Home))
 4 SYSTEMPATH\CodeIgniter.php(361): CodeIgniter\CodeIgniter->handleRequest(null, Object(Config\Cache), false)
 5 FCPATH\index.php(79): CodeIgniter\CodeIgniter->run()
CRITICAL - 2023-12-07 00:09:02 --> Invalid file: "Usuarios/librosxtema.php"
in SYSTEMPATH\Exceptions\FrameworkException.php on line 39.
 1 SYSTEMPATH\View\View.php(216): CodeIgniter\Exceptions\FrameworkException::forInvalidFile('Usuarios/librosxtema.php')
 2 SYSTEMPATH\Common.php(1190): CodeIgniter\View\View->render('Usuarios/librosxtema', [], true)
 3 APPPATH\Controllers\Home.php(74): view('Usuarios/librosxtema', [...])
 4 SYSTEMPATH\CodeIgniter.php(942): App\Controllers\Home->verXTema()
 5 SYSTEMPATH\CodeIgniter.php(502): CodeIgniter\CodeIgniter->runController(Object(App\Controllers\Home))
 6 SYSTEMPATH\CodeIgniter.php(361): CodeIgniter\CodeIgniter->handleRequest(null, Object(Config\Cache), false)
 7 FCPATH\index.php(79): CodeIgniter\CodeIgniter->run()
CRITICAL - 2023-12-07 00:20:50 --> Undefined array key "selectTema"
in APPPATH\Controllers\Home.php on line 58.
 1 APPPATH\Controllers\Home.php(58): CodeIgniter\Debug\Exceptions->errorHandler(2, 'Undefined array key "selectTema"', 'C:\\xampp\\htdocs\\app_2\\app\\Controllers\\Home.php', 58)
 2 SYSTEMPATH\CodeIgniter.php(942): App\Controllers\Home->verXTema()
 3 SYSTEMPATH\CodeIgniter.php(502): CodeIgniter\CodeIgniter->runController(Object(App\Controllers\Home))
 4 SYSTEMPATH\CodeIgniter.php(361): CodeIgniter\CodeIgniter->handleRequest(null, Object(Config\Cache), false)
 5 FCPATH\index.php(79): CodeIgniter\CodeIgniter->run()
