CRITICAL - 2023-12-01 01:53:46 --> Undefined variable $libro
in APPPATH\Views\Usuarios\busqueda.php on line 19.
 1 APPPATH\Views\Usuarios\busqueda.php(19): CodeIgniter\Debug\Exceptions->errorHandler(2, 'Undefined variable $libro', 'C:\\xampp\\htdocs\\app2\\app\\Views\\Usuarios\\busqueda.php', 19)
 2 SYSTEMPATH\View\View.php(228): include('C:\\xampp\\htdocs\\app2\\app\\Views\\Usuarios\\busqueda.php')
 3 SYSTEMPATH\View\View.php(231): CodeIgniter\View\View->CodeIgniter\View\{closure}()
 4 SYSTEMPATH\Common.php(1190): CodeIgniter\View\View->render('Usuarios/busqueda', [], true)
 5 APPPATH\Controllers\Home.php(70): view('Usuarios/busqueda', [...])
 6 SYSTEMPATH\CodeIgniter.php(942): App\Controllers\Home->BuscarLibros()
 7 SYSTEMPATH\CodeIgniter.php(502): CodeIgniter\CodeIgniter->runController(Object(App\Controllers\Home))
 8 SYSTEMPATH\CodeIgniter.php(361): CodeIgniter\CodeIgniter->handleRequest(null, Object(Config\Cache), false)
 9 FCPATH\index.php(79): CodeIgniter\CodeIgniter->run()
CRITICAL - 2023-12-01 02:00:00 --> Undefined variable $libro
in APPPATH\Views\Usuarios\busqueda.php on line 16.
 1 APPPATH\Views\Usuarios\busqueda.php(16): CodeIgniter\Debug\Exceptions->errorHandler(2, 'Undefined variable $libro', 'C:\\xampp\\htdocs\\app2\\app\\Views\\Usuarios\\busqueda.php', 16)
 2 SYSTEMPATH\View\View.php(228): include('C:\\xampp\\htdocs\\app2\\app\\Views\\Usuarios\\busqueda.php')
 3 SYSTEMPATH\View\View.php(231): CodeIgniter\View\View->CodeIgniter\View\{closure}()
 4 SYSTEMPATH\Common.php(1190): CodeIgniter\View\View->render('Usuarios/busqueda', [], true)
 5 APPPATH\Controllers\Home.php(76): view('Usuarios/busqueda', [...])
 6 SYSTEMPATH\CodeIgniter.php(942): App\Controllers\Home->BuscarLibros()
 7 SYSTEMPATH\CodeIgniter.php(502): CodeIgniter\CodeIgniter->runController(Object(App\Controllers\Home))
 8 SYSTEMPATH\CodeIgniter.php(361): CodeIgniter\CodeIgniter->handleRequest(null, Object(Config\Cache), false)
 9 FCPATH\index.php(79): CodeIgniter\CodeIgniter->run()
CRITICAL - 2023-12-01 02:01:20 --> Undefined array key "lib_titulo"
in APPPATH\Views\Usuarios\busqueda.php on line 23.
 1 APPPATH\Views\Usuarios\busqueda.php(23): CodeIgniter\Debug\Exceptions->errorHandler(2, 'Undefined array key "lib_titulo"', 'C:\\xampp\\htdocs\\app2\\app\\Views\\Usuarios\\busqueda.php', 23)
 2 SYSTEMPATH\View\View.php(228): include('C:\\xampp\\htdocs\\app2\\app\\Views\\Usuarios\\busqueda.php')
 3 SYSTEMPATH\View\View.php(231): CodeIgniter\View\View->CodeIgniter\View\{closure}()
 4 SYSTEMPATH\Common.php(1190): CodeIgniter\View\View->render('Usuarios/busqueda', [], true)
 5 APPPATH\Controllers\Home.php(76): view('Usuarios/busqueda', [...])
 6 SYSTEMPATH\CodeIgniter.php(942): App\Controllers\Home->BuscarLibros()
 7 SYSTEMPATH\CodeIgniter.php(502): CodeIgniter\CodeIgniter->runController(Object(App\Controllers\Home))
 8 SYSTEMPATH\CodeIgniter.php(361): CodeIgniter\CodeIgniter->handleRequest(null, Object(Config\Cache), false)
 9 FCPATH\index.php(79): CodeIgniter\CodeIgniter->run()
CRITICAL - 2023-12-01 03:49:18 --> Undefined array key "lib_titulo"
in APPPATH\Views\Usuarios\busqueda.php on line 23.
 1 APPPATH\Views\Usuarios\busqueda.php(23): CodeIgniter\Debug\Exceptions->errorHandler(2, 'Undefined array key "lib_titulo"', 'C:\\xampp\\htdocs\\app2\\app\\Views\\Usuarios\\busqueda.php', 23)
 2 SYSTEMPATH\View\View.php(228): include('C:\\xampp\\htdocs\\app2\\app\\Views\\Usuarios\\busqueda.php')
 3 SYSTEMPATH\View\View.php(231): CodeIgniter\View\View->CodeIgniter\View\{closure}()
 4 SYSTEMPATH\Common.php(1190): CodeIgniter\View\View->render('Usuarios/busqueda', [], true)
 5 APPPATH\Controllers\Home.php(76): view('Usuarios/busqueda', [...])
 6 SYSTEMPATH\CodeIgniter.php(942): App\Controllers\Home->BuscarLibros()
 7 SYSTEMPATH\CodeIgniter.php(502): CodeIgniter\CodeIgniter->runController(Object(App\Controllers\Home))
 8 SYSTEMPATH\CodeIgniter.php(361): CodeIgniter\CodeIgniter->handleRequest(null, Object(Config\Cache), false)
 9 FCPATH\index.php(79): CodeIgniter\CodeIgniter->run()
CRITICAL - 2023-12-01 03:50:58 --> Undefined array key "lib_titulo"
in APPPATH\Views\Usuarios\busqueda.php on line 21.
 1 APPPATH\Views\Usuarios\busqueda.php(21): CodeIgniter\Debug\Exceptions->errorHandler(2, 'Undefined array key "lib_titulo"', 'C:\\xampp\\htdocs\\app2\\app\\Views\\Usuarios\\busqueda.php', 21)
 2 SYSTEMPATH\View\View.php(228): include('C:\\xampp\\htdocs\\app2\\app\\Views\\Usuarios\\busqueda.php')
 3 SYSTEMPATH\View\View.php(231): CodeIgniter\View\View->CodeIgniter\View\{closure}()
 4 SYSTEMPATH\Common.php(1190): CodeIgniter\View\View->render('Usuarios/busqueda', [], true)
 5 APPPATH\Controllers\Home.php(76): view('Usuarios/busqueda', [...])
 6 SYSTEMPATH\CodeIgniter.php(942): App\Controllers\Home->BuscarLibros()
 7 SYSTEMPATH\CodeIgniter.php(502): CodeIgniter\CodeIgniter->runController(Object(App\Controllers\Home))
 8 SYSTEMPATH\CodeIgniter.php(361): CodeIgniter\CodeIgniter->handleRequest(null, Object(Config\Cache), false)
 9 FCPATH\index.php(79): CodeIgniter\CodeIgniter->run()
CRITICAL - 2023-12-01 03:51:13 --> Undefined array key "lib_titulo"
in APPPATH\Views\Usuarios\busqueda.php on line 21.
 1 APPPATH\Views\Usuarios\busqueda.php(21): CodeIgniter\Debug\Exceptions->errorHandler(2, 'Undefined array key "lib_titulo"', 'C:\\xampp\\htdocs\\app2\\app\\Views\\Usuarios\\busqueda.php', 21)
 2 SYSTEMPATH\View\View.php(228): include('C:\\xampp\\htdocs\\app2\\app\\Views\\Usuarios\\busqueda.php')
 3 SYSTEMPATH\View\View.php(231): CodeIgniter\View\View->CodeIgniter\View\{closure}()
 4 SYSTEMPATH\Common.php(1190): CodeIgniter\View\View->render('Usuarios/busqueda', [], true)
 5 APPPATH\Controllers\Home.php(76): view('Usuarios/busqueda', [...])
 6 SYSTEMPATH\CodeIgniter.php(942): App\Controllers\Home->BuscarLibros()
 7 SYSTEMPATH\CodeIgniter.php(502): CodeIgniter\CodeIgniter->runController(Object(App\Controllers\Home))
 8 SYSTEMPATH\CodeIgniter.php(361): CodeIgniter\CodeIgniter->handleRequest(null, Object(Config\Cache), false)
 9 FCPATH\index.php(79): CodeIgniter\CodeIgniter->run()
CRITICAL - 2023-12-01 06:22:59 --> Undefined array key "tem_tema"
in APPPATH\Views\Usuarios\busqueda.php on line 26.
 1 APPPATH\Views\Usuarios\busqueda.php(26): CodeIgniter\Debug\Exceptions->errorHandler(2, 'Undefined array key "tem_tema"', 'C:\\xampp\\htdocs\\app2\\app\\Views\\Usuarios\\busqueda.php', 26)
 2 SYSTEMPATH\View\View.php(228): include('C:\\xampp\\htdocs\\app2\\app\\Views\\Usuarios\\busqueda.php')
 3 SYSTEMPATH\View\View.php(231): CodeIgniter\View\View->CodeIgniter\View\{closure}()
 4 SYSTEMPATH\Common.php(1190): CodeIgniter\View\View->render('Usuarios/busqueda', [], true)
 5 APPPATH\Controllers\Home.php(70): view('Usuarios/busqueda', [...])
 6 SYSTEMPATH\CodeIgniter.php(942): App\Controllers\Home->BuscarLibros()
 7 SYSTEMPATH\CodeIgniter.php(502): CodeIgniter\CodeIgniter->runController(Object(App\Controllers\Home))
 8 SYSTEMPATH\CodeIgniter.php(361): CodeIgniter\CodeIgniter->handleRequest(null, Object(Config\Cache), false)
 9 FCPATH\index.php(79): CodeIgniter\CodeIgniter->run()
