CRITICAL - 2023-12-12 21:30:41 --> Undefined array key "selectTema"
in APPPATH\Controllers\Home.php on line 58.
 1 APPPATH\Controllers\Home.php(58): CodeIgniter\Debug\Exceptions->errorHandler(2, 'Undefined array key "selectTema"', 'C:\\xampp\\htdocs\\app_2\\app\\Controllers\\Home.php', 58)
 2 SYSTEMPATH\CodeIgniter.php(942): App\Controllers\Home->verXTema()
 3 SYSTEMPATH\CodeIgniter.php(502): CodeIgniter\CodeIgniter->runController(Object(App\Controllers\Home))
 4 SYSTEMPATH\CodeIgniter.php(361): CodeIgniter\CodeIgniter->handleRequest(null, Object(Config\Cache), false)
 5 FCPATH\index.php(79): CodeIgniter\CodeIgniter->run()
CRITICAL - 2023-12-12 21:31:30 --> Undefined array key "selectTema"
in APPPATH\Controllers\Home.php on line 58.
 1 APPPATH\Controllers\Home.php(58): CodeIgniter\Debug\Exceptions->errorHandler(2, 'Undefined array key "selectTema"', 'C:\\xampp\\htdocs\\app_2\\app\\Controllers\\Home.php', 58)
 2 SYSTEMPATH\CodeIgniter.php(942): App\Controllers\Home->verXTema()
 3 SYSTEMPATH\CodeIgniter.php(502): CodeIgniter\CodeIgniter->runController(Object(App\Controllers\Home))
 4 SYSTEMPATH\CodeIgniter.php(361): CodeIgniter\CodeIgniter->handleRequest(null, Object(Config\Cache), false)
 5 FCPATH\index.php(79): CodeIgniter\CodeIgniter->run()
CRITICAL - 2023-12-12 21:31:34 --> Undefined array key "selectTema"
in APPPATH\Controllers\Home.php on line 58.
 1 APPPATH\Controllers\Home.php(58): CodeIgniter\Debug\Exceptions->errorHandler(2, 'Undefined array key "selectTema"', 'C:\\xampp\\htdocs\\app_2\\app\\Controllers\\Home.php', 58)
 2 SYSTEMPATH\CodeIgniter.php(942): App\Controllers\Home->verXTema()
 3 SYSTEMPATH\CodeIgniter.php(502): CodeIgniter\CodeIgniter->runController(Object(App\Controllers\Home))
 4 SYSTEMPATH\CodeIgniter.php(361): CodeIgniter\CodeIgniter->handleRequest(null, Object(Config\Cache), false)
 5 FCPATH\index.php(79): CodeIgniter\CodeIgniter->run()
CRITICAL - 2023-12-12 21:31:56 --> Undefined array key "selectTema"
in APPPATH\Controllers\Home.php on line 58.
 1 APPPATH\Controllers\Home.php(58): CodeIgniter\Debug\Exceptions->errorHandler(2, 'Undefined array key "selectTema"', 'C:\\xampp\\htdocs\\app_2\\app\\Controllers\\Home.php', 58)
 2 SYSTEMPATH\CodeIgniter.php(942): App\Controllers\Home->verXTema()
 3 SYSTEMPATH\CodeIgniter.php(502): CodeIgniter\CodeIgniter->runController(Object(App\Controllers\Home))
 4 SYSTEMPATH\CodeIgniter.php(361): CodeIgniter\CodeIgniter->handleRequest(null, Object(Config\Cache), false)
 5 FCPATH\index.php(79): CodeIgniter\CodeIgniter->run()
CRITICAL - 2023-12-12 22:51:50 --> Undefined array key "selectTema"
in APPPATH\Controllers\Home.php on line 58.
 1 APPPATH\Controllers\Home.php(58): CodeIgniter\Debug\Exceptions->errorHandler(2, 'Undefined array key "selectTema"', 'C:\\xampp\\htdocs\\app_2\\app\\Controllers\\Home.php', 58)
 2 SYSTEMPATH\CodeIgniter.php(942): App\Controllers\Home->verXTema()
 3 SYSTEMPATH\CodeIgniter.php(502): CodeIgniter\CodeIgniter->runController(Object(App\Controllers\Home))
 4 SYSTEMPATH\CodeIgniter.php(361): CodeIgniter\CodeIgniter->handleRequest(null, Object(Config\Cache), false)
 5 FCPATH\index.php(79): CodeIgniter\CodeIgniter->run()
CRITICAL - 2023-12-12 22:54:50 --> Undefined array key "selectTema"
in APPPATH\Controllers\Home.php on line 58.
 1 APPPATH\Controllers\Home.php(58): CodeIgniter\Debug\Exceptions->errorHandler(2, 'Undefined array key "selectTema"', 'C:\\xampp\\htdocs\\app_2\\app\\Controllers\\Home.php', 58)
 2 SYSTEMPATH\CodeIgniter.php(942): App\Controllers\Home->verXTema()
 3 SYSTEMPATH\CodeIgniter.php(502): CodeIgniter\CodeIgniter->runController(Object(App\Controllers\Home))
 4 SYSTEMPATH\CodeIgniter.php(361): CodeIgniter\CodeIgniter->handleRequest(null, Object(Config\Cache), false)
 5 FCPATH\index.php(79): CodeIgniter\CodeIgniter->run()
CRITICAL - 2023-12-12 22:56:17 --> Undefined array key "selectTema"
in APPPATH\Controllers\Home.php on line 58.
 1 APPPATH\Controllers\Home.php(58): CodeIgniter\Debug\Exceptions->errorHandler(2, 'Undefined array key "selectTema"', 'C:\\xampp\\htdocs\\app_2\\app\\Controllers\\Home.php', 58)
 2 SYSTEMPATH\CodeIgniter.php(942): App\Controllers\Home->verXTema()
 3 SYSTEMPATH\CodeIgniter.php(502): CodeIgniter\CodeIgniter->runController(Object(App\Controllers\Home))
 4 SYSTEMPATH\CodeIgniter.php(361): CodeIgniter\CodeIgniter->handleRequest(null, Object(Config\Cache), false)
 5 FCPATH\index.php(79): CodeIgniter\CodeIgniter->run()
CRITICAL - 2023-12-12 22:56:34 --> Undefined array key "selectTema"
in APPPATH\Controllers\Home.php on line 58.
 1 APPPATH\Controllers\Home.php(58): CodeIgniter\Debug\Exceptions->errorHandler(2, 'Undefined array key "selectTema"', 'C:\\xampp\\htdocs\\app_2\\app\\Controllers\\Home.php', 58)
 2 SYSTEMPATH\CodeIgniter.php(942): App\Controllers\Home->verXTema()
 3 SYSTEMPATH\CodeIgniter.php(502): CodeIgniter\CodeIgniter->runController(Object(App\Controllers\Home))
 4 SYSTEMPATH\CodeIgniter.php(361): CodeIgniter\CodeIgniter->handleRequest(null, Object(Config\Cache), false)
 5 FCPATH\index.php(79): CodeIgniter\CodeIgniter->run()
